<?xml version="1.0" encoding="UTF-8"?>
<testsuite name="com.back.sbb.SbbApplicationTests" tests="1" skipped="0" failures="0" errors="0" timestamp="2025-12-13T06:08:21.200Z" hostname="DESKTOP-MCPBH7G" time="0.931">
  <properties/>
  <testcase name="testJpa()" classname="com.back.sbb.SbbApplicationTests" time="0.931"/>
  <system-out><![CDATA[15:08:17.155 [Test worker] INFO org.springframework.test.context.support.AnnotationConfigContextLoaderUtils -- Could not detect default configuration classes for test class [com.back.sbb.SbbApplicationTests]: SbbApplicationTests does not declare any static, non-private, non-final, nested classes annotated with @Configuration.
15:08:17.257 [Test worker] INFO org.springframework.boot.test.context.SpringBootTestContextBootstrapper -- Found @SpringBootConfiguration com.back.sbb.JsbApplication for test class com.back.sbb.SbbApplicationTests

  .   ____          _            __ _ _
 /\\ / ___'_ __ _ _(_)_ __  __ _ \ \ \ \
( ( )\___ | '_ | '_| | '_ \/ _` | \ \ \ \
 \\/  ___)| |_)| | | | | || (_| |  ) ) ) )
  '  |____| .__|_| |_|_| |_\__, | / / / /
 =========|_|==============|___/=/_/_/_/
 :: Spring Boot ::                (v3.2.0)

2025-12-13T15:08:17.612+09:00  INFO 33448 --- [    Test worker] com.back.sbb.SbbApplicationTests         : Starting SbbApplicationTests using Java 21.0.2 with PID 33448 (started by njwwn in C:\Users\njwwn\Downloads\jsb)
2025-12-13T15:08:17.613+09:00  INFO 33448 --- [    Test worker] com.back.sbb.SbbApplicationTests         : No active profile set, falling back to 1 default profile: "default"
2025-12-13T15:08:18.339+09:00  INFO 33448 --- [    Test worker] .s.d.r.c.RepositoryConfigurationDelegate : Bootstrapping Spring Data JPA repositories in DEFAULT mode.
2025-12-13T15:08:18.390+09:00  INFO 33448 --- [    Test worker] .s.d.r.c.RepositoryConfigurationDelegate : Finished Spring Data repository scanning in 43 ms. Found 2 JPA repository interfaces.
2025-12-13T15:08:18.784+09:00  INFO 33448 --- [    Test worker] o.hibernate.jpa.internal.util.LogHelper  : HHH000204: Processing PersistenceUnitInfo [name: default]
2025-12-13T15:08:18.847+09:00  INFO 33448 --- [    Test worker] org.hibernate.Version                    : HHH000412: Hibernate ORM core version 6.3.1.Final
2025-12-13T15:08:18.884+09:00  INFO 33448 --- [    Test worker] o.h.c.internal.RegionFactoryInitiator    : HHH000026: Second-level cache disabled
2025-12-13T15:08:19.134+09:00  INFO 33448 --- [    Test worker] o.s.o.j.p.SpringPersistenceUnitInfo      : No LoadTimeWeaver setup: ignoring JPA class transformer
2025-12-13T15:08:19.163+09:00  INFO 33448 --- [    Test worker] com.zaxxer.hikari.HikariDataSource       : HikariPool-1 - Starting...
2025-12-13T15:08:19.392+09:00  INFO 33448 --- [    Test worker] com.zaxxer.hikari.pool.HikariPool        : HikariPool-1 - Added connection conn0: url=jdbc:h2:~/local user=SA
2025-12-13T15:08:19.394+09:00  INFO 33448 --- [    Test worker] com.zaxxer.hikari.HikariDataSource       : HikariPool-1 - Start completed.
2025-12-13T15:08:19.419+09:00  WARN 33448 --- [    Test worker] org.hibernate.orm.deprecation            : HHH90000025: H2Dialect does not need to be specified explicitly using 'hibernate.dialect' (remove the property setting and it will be selected by default)
2025-12-13T15:08:20.298+09:00  INFO 33448 --- [    Test worker] o.h.e.t.j.p.i.JtaPlatformInitiator       : HHH000489: No JTA platform available (set 'hibernate.transaction.jta.platform' to enable JTA platform integration)
2025-12-13T15:08:20.349+09:00  INFO 33448 --- [    Test worker] j.LocalContainerEntityManagerFactoryBean : Initialized JPA EntityManagerFactory for persistence unit 'default'
2025-12-13T15:08:20.802+09:00  WARN 33448 --- [    Test worker] JpaBaseConfiguration$JpaWebConfiguration : spring.jpa.open-in-view is enabled by default. Therefore, database queries may be performed during view rendering. Explicitly configure spring.jpa.open-in-view to disable this warning
2025-12-13T15:08:21.140+09:00  INFO 33448 --- [    Test worker] o.s.b.a.h2.H2ConsoleAutoConfiguration    : H2 console available at '/h2-console'. Database available at 'jdbc:h2:~/local'
2025-12-13T15:08:21.185+09:00  INFO 33448 --- [    Test worker] com.back.sbb.SbbApplicationTests         : Started SbbApplicationTests in 3.793 seconds (process running for 4.83)
Hibernate: insert into question (content,create_date,subject,id) values (?,?,?,default)
Hibernate: insert into question (content,create_date,subject,id) values (?,?,?,default)
Hibernate: insert into question (content,create_date,subject,id) values (?,?,?,default)
Hibernate: insert into question (content,create_date,subject,id) values (?,?,?,default)
Hibernate: insert into question (content,create_date,subject,id) values (?,?,?,default)
Hibernate: insert into question (content,create_date,subject,id) values (?,?,?,default)
Hibernate: insert into question (content,create_date,subject,id) values (?,?,?,default)
Hibernate: insert into question (content,create_date,subject,id) values (?,?,?,default)
Hibernate: insert into question (content,create_date,subject,id) values (?,?,?,default)
Hibernate: insert into question (content,create_date,subject,id) values (?,?,?,default)
Hibernate: insert into question (content,create_date,subject,id) values (?,?,?,default)
Hibernate: insert into question (content,create_date,subject,id) values (?,?,?,default)
Hibernate: insert into question (content,create_date,subject,id) values (?,?,?,default)
Hibernate: insert into question (content,create_date,subject,id) values (?,?,?,default)
Hibernate: insert into question (content,create_date,subject,id) values (?,?,?,default)
Hibernate: insert into question (content,create_date,subject,id) values (?,?,?,default)
Hibernate: insert into question (content,create_date,subject,id) values (?,?,?,default)
Hibernate: insert into question (content,create_date,subject,id) values (?,?,?,default)
Hibernate: insert into question (content,create_date,subject,id) values (?,?,?,default)
Hibernate: insert into question (content,create_date,subject,id) values (?,?,?,default)
Hibernate: insert into question (content,create_date,subject,id) values (?,?,?,default)
Hibernate: insert into question (content,create_date,subject,id) values (?,?,?,default)
Hibernate: insert into question (content,create_date,subject,id) values (?,?,?,default)
Hibernate: insert into question (content,create_date,subject,id) values (?,?,?,default)
Hibernate: insert into question (content,create_date,subject,id) values (?,?,?,default)
Hibernate: insert into question (content,create_date,subject,id) values (?,?,?,default)
Hibernate: insert into question (content,create_date,subject,id) values (?,?,?,default)
Hibernate: insert into question (content,create_date,subject,id) values (?,?,?,default)
Hibernate: insert into question (content,create_date,subject,id) values (?,?,?,default)
Hibernate: insert into question (content,create_date,subject,id) values (?,?,?,default)
Hibernate: insert into question (content,create_date,subject,id) values (?,?,?,default)
Hibernate: insert into question (content,create_date,subject,id) values (?,?,?,default)
Hibernate: insert into question (content,create_date,subject,id) values (?,?,?,default)
Hibernate: insert into question (content,create_date,subject,id) values (?,?,?,default)
Hibernate: insert into question (content,create_date,subject,id) values (?,?,?,default)
Hibernate: insert into question (content,create_date,subject,id) values (?,?,?,default)
Hibernate: insert into question (content,create_date,subject,id) values (?,?,?,default)
Hibernate: insert into question (content,create_date,subject,id) values (?,?,?,default)
Hibernate: insert into question (content,create_date,subject,id) values (?,?,?,default)
Hibernate: insert into question (content,create_date,subject,id) values (?,?,?,default)
Hibernate: insert into question (content,create_date,subject,id) values (?,?,?,default)
Hibernate: insert into question (content,create_date,subject,id) values (?,?,?,default)
Hibernate: insert into question (content,create_date,subject,id) values (?,?,?,default)
Hibernate: insert into question (content,create_date,subject,id) values (?,?,?,default)
Hibernate: insert into question (content,create_date,subject,id) values (?,?,?,default)
Hibernate: insert into question (content,create_date,subject,id) values (?,?,?,default)
Hibernate: insert into question (content,create_date,subject,id) values (?,?,?,default)
Hibernate: insert into question (content,create_date,subject,id) values (?,?,?,default)
Hibernate: insert into question (content,create_date,subject,id) values (?,?,?,default)
Hibernate: insert into question (content,create_date,subject,id) values (?,?,?,default)
Hibernate: insert into question (content,create_date,subject,id) values (?,?,?,default)
Hibernate: insert into question (content,create_date,subject,id) values (?,?,?,default)
Hibernate: insert into question (content,create_date,subject,id) values (?,?,?,default)
Hibernate: insert into question (content,create_date,subject,id) values (?,?,?,default)
Hibernate: insert into question (content,create_date,subject,id) values (?,?,?,default)
Hibernate: insert into question (content,create_date,subject,id) values (?,?,?,default)
Hibernate: insert into question (content,create_date,subject,id) values (?,?,?,default)
Hibernate: insert into question (content,create_date,subject,id) values (?,?,?,default)
Hibernate: insert into question (content,create_date,subject,id) values (?,?,?,default)
Hibernate: insert into question (content,create_date,subject,id) values (?,?,?,default)
Hibernate: insert into question (content,create_date,subject,id) values (?,?,?,default)
Hibernate: insert into question (content,create_date,subject,id) values (?,?,?,default)
Hibernate: insert into question (content,create_date,subject,id) values (?,?,?,default)
Hibernate: insert into question (content,create_date,subject,id) values (?,?,?,default)
Hibernate: insert into question (content,create_date,subject,id) values (?,?,?,default)
Hibernate: insert into question (content,create_date,subject,id) values (?,?,?,default)
Hibernate: insert into question (content,create_date,subject,id) values (?,?,?,default)
Hibernate: insert into question (content,create_date,subject,id) values (?,?,?,default)
Hibernate: insert into question (content,create_date,subject,id) values (?,?,?,default)
Hibernate: insert into question (content,create_date,subject,id) values (?,?,?,default)
Hibernate: insert into question (content,create_date,subject,id) values (?,?,?,default)
Hibernate: insert into question (content,create_date,subject,id) values (?,?,?,default)
Hibernate: insert into question (content,create_date,subject,id) values (?,?,?,default)
Hibernate: insert into question (content,create_date,subject,id) values (?,?,?,default)
Hibernate: insert into question (content,create_date,subject,id) values (?,?,?,default)
Hibernate: insert into question (content,create_date,subject,id) values (?,?,?,default)
Hibernate: insert into question (content,create_date,subject,id) values (?,?,?,default)
Hibernate: insert into question (content,create_date,subject,id) values (?,?,?,default)
Hibernate: insert into question (content,create_date,subject,id) values (?,?,?,default)
Hibernate: insert into question (content,create_date,subject,id) values (?,?,?,default)
Hibernate: insert into question (content,create_date,subject,id) values (?,?,?,default)
Hibernate: insert into question (content,create_date,subject,id) values (?,?,?,default)
Hibernate: insert into question (content,create_date,subject,id) values (?,?,?,default)
Hibernate: insert into question (content,create_date,subject,id) values (?,?,?,default)
Hibernate: insert into question (content,create_date,subject,id) values (?,?,?,default)
Hibernate: insert into question (content,create_date,subject,id) values (?,?,?,default)
Hibernate: insert into question (content,create_date,subject,id) values (?,?,?,default)
Hibernate: insert into question (content,create_date,subject,id) values (?,?,?,default)
Hibernate: insert into question (content,create_date,subject,id) values (?,?,?,default)
Hibernate: insert into question (content,create_date,subject,id) values (?,?,?,default)
Hibernate: insert into question (content,create_date,subject,id) values (?,?,?,default)
Hibernate: insert into question (content,create_date,subject,id) values (?,?,?,default)
Hibernate: insert into question (content,create_date,subject,id) values (?,?,?,default)
Hibernate: insert into question (content,create_date,subject,id) values (?,?,?,default)
Hibernate: insert into question (content,create_date,subject,id) values (?,?,?,default)
Hibernate: insert into question (content,create_date,subject,id) values (?,?,?,default)
Hibernate: insert into question (content,create_date,subject,id) values (?,?,?,default)
Hibernate: insert into question (content,create_date,subject,id) values (?,?,?,default)
Hibernate: insert into question (content,create_date,subject,id) values (?,?,?,default)
Hibernate: insert into question (content,create_date,subject,id) values (?,?,?,default)
Hibernate: insert into question (content,create_date,subject,id) values (?,?,?,default)
Hibernate: insert into question (content,create_date,subject,id) values (?,?,?,default)
Hibernate: insert into question (content,create_date,subject,id) values (?,?,?,default)
Hibernate: insert into question (content,create_date,subject,id) values (?,?,?,default)
Hibernate: insert into question (content,create_date,subject,id) values (?,?,?,default)
Hibernate: insert into question (content,create_date,subject,id) values (?,?,?,default)
Hibernate: insert into question (content,create_date,subject,id) values (?,?,?,default)
Hibernate: insert into question (content,create_date,subject,id) values (?,?,?,default)
Hibernate: insert into question (content,create_date,subject,id) values (?,?,?,default)
Hibernate: insert into question (content,create_date,subject,id) values (?,?,?,default)
Hibernate: insert into question (content,create_date,subject,id) values (?,?,?,default)
Hibernate: insert into question (content,create_date,subject,id) values (?,?,?,default)
Hibernate: insert into question (content,create_date,subject,id) values (?,?,?,default)
Hibernate: insert into question (content,create_date,subject,id) values (?,?,?,default)
Hibernate: insert into question (content,create_date,subject,id) values (?,?,?,default)
Hibernate: insert into question (content,create_date,subject,id) values (?,?,?,default)
Hibernate: insert into question (content,create_date,subject,id) values (?,?,?,default)
Hibernate: insert into question (content,create_date,subject,id) values (?,?,?,default)
Hibernate: insert into question (content,create_date,subject,id) values (?,?,?,default)
Hibernate: insert into question (content,create_date,subject,id) values (?,?,?,default)
Hibernate: insert into question (content,create_date,subject,id) values (?,?,?,default)
Hibernate: insert into question (content,create_date,subject,id) values (?,?,?,default)
Hibernate: insert into question (content,create_date,subject,id) values (?,?,?,default)
Hibernate: insert into question (content,create_date,subject,id) values (?,?,?,default)
Hibernate: insert into question (content,create_date,subject,id) values (?,?,?,default)
Hibernate: insert into question (content,create_date,subject,id) values (?,?,?,default)
Hibernate: insert into question (content,create_date,subject,id) values (?,?,?,default)
Hibernate: insert into question (content,create_date,subject,id) values (?,?,?,default)
Hibernate: insert into question (content,create_date,subject,id) values (?,?,?,default)
Hibernate: insert into question (content,create_date,subject,id) values (?,?,?,default)
Hibernate: insert into question (content,create_date,subject,id) values (?,?,?,default)
Hibernate: insert into question (content,create_date,subject,id) values (?,?,?,default)
Hibernate: insert into question (content,create_date,subject,id) values (?,?,?,default)
Hibernate: insert into question (content,create_date,subject,id) values (?,?,?,default)
Hibernate: insert into question (content,create_date,subject,id) values (?,?,?,default)
Hibernate: insert into question (content,create_date,subject,id) values (?,?,?,default)
Hibernate: insert into question (content,create_date,subject,id) values (?,?,?,default)
Hibernate: insert into question (content,create_date,subject,id) values (?,?,?,default)
Hibernate: insert into question (content,create_date,subject,id) values (?,?,?,default)
Hibernate: insert into question (content,create_date,subject,id) values (?,?,?,default)
Hibernate: insert into question (content,create_date,subject,id) values (?,?,?,default)
Hibernate: insert into question (content,create_date,subject,id) values (?,?,?,default)
Hibernate: insert into question (content,create_date,subject,id) values (?,?,?,default)
Hibernate: insert into question (content,create_date,subject,id) values (?,?,?,default)
Hibernate: insert into question (content,create_date,subject,id) values (?,?,?,default)
Hibernate: insert into question (content,create_date,subject,id) values (?,?,?,default)
Hibernate: insert into question (content,create_date,subject,id) values (?,?,?,default)
Hibernate: insert into question (content,create_date,subject,id) values (?,?,?,default)
Hibernate: insert into question (content,create_date,subject,id) values (?,?,?,default)
Hibernate: insert into question (content,create_date,subject,id) values (?,?,?,default)
Hibernate: insert into question (content,create_date,subject,id) values (?,?,?,default)
Hibernate: insert into question (content,create_date,subject,id) values (?,?,?,default)
Hibernate: insert into question (content,create_date,subject,id) values (?,?,?,default)
Hibernate: insert into question (content,create_date,subject,id) values (?,?,?,default)
Hibernate: insert into question (content,create_date,subject,id) values (?,?,?,default)
Hibernate: insert into question (content,create_date,subject,id) values (?,?,?,default)
Hibernate: insert into question (content,create_date,subject,id) values (?,?,?,default)
Hibernate: insert into question (content,create_date,subject,id) values (?,?,?,default)
Hibernate: insert into question (content,create_date,subject,id) values (?,?,?,default)
Hibernate: insert into question (content,create_date,subject,id) values (?,?,?,default)
Hibernate: insert into question (content,create_date,subject,id) values (?,?,?,default)
Hibernate: insert into question (content,create_date,subject,id) values (?,?,?,default)
Hibernate: insert into question (content,create_date,subject,id) values (?,?,?,default)
Hibernate: insert into question (content,create_date,subject,id) values (?,?,?,default)
Hibernate: insert into question (content,create_date,subject,id) values (?,?,?,default)
Hibernate: insert into question (content,create_date,subject,id) values (?,?,?,default)
Hibernate: insert into question (content,create_date,subject,id) values (?,?,?,default)
Hibernate: insert into question (content,create_date,subject,id) values (?,?,?,default)
Hibernate: insert into question (content,create_date,subject,id) values (?,?,?,default)
Hibernate: insert into question (content,create_date,subject,id) values (?,?,?,default)
Hibernate: insert into question (content,create_date,subject,id) values (?,?,?,default)
Hibernate: insert into question (content,create_date,subject,id) values (?,?,?,default)
Hibernate: insert into question (content,create_date,subject,id) values (?,?,?,default)
Hibernate: insert into question (content,create_date,subject,id) values (?,?,?,default)
Hibernate: insert into question (content,create_date,subject,id) values (?,?,?,default)
Hibernate: insert into question (content,create_date,subject,id) values (?,?,?,default)
Hibernate: insert into question (content,create_date,subject,id) values (?,?,?,default)
Hibernate: insert into question (content,create_date,subject,id) values (?,?,?,default)
Hibernate: insert into question (content,create_date,subject,id) values (?,?,?,default)
Hibernate: insert into question (content,create_date,subject,id) values (?,?,?,default)
Hibernate: insert into question (content,create_date,subject,id) values (?,?,?,default)
Hibernate: insert into question (content,create_date,subject,id) values (?,?,?,default)
Hibernate: insert into question (content,create_date,subject,id) values (?,?,?,default)
Hibernate: insert into question (content,create_date,subject,id) values (?,?,?,default)
Hibernate: insert into question (content,create_date,subject,id) values (?,?,?,default)
Hibernate: insert into question (content,create_date,subject,id) values (?,?,?,default)
Hibernate: insert into question (content,create_date,subject,id) values (?,?,?,default)
Hibernate: insert into question (content,create_date,subject,id) values (?,?,?,default)
Hibernate: insert into question (content,create_date,subject,id) values (?,?,?,default)
Hibernate: insert into question (content,create_date,subject,id) values (?,?,?,default)
Hibernate: insert into question (content,create_date,subject,id) values (?,?,?,default)
Hibernate: insert into question (content,create_date,subject,id) values (?,?,?,default)
Hibernate: insert into question (content,create_date,subject,id) values (?,?,?,default)
Hibernate: insert into question (content,create_date,subject,id) values (?,?,?,default)
Hibernate: insert into question (content,create_date,subject,id) values (?,?,?,default)
Hibernate: insert into question (content,create_date,subject,id) values (?,?,?,default)
Hibernate: insert into question (content,create_date,subject,id) values (?,?,?,default)
Hibernate: insert into question (content,create_date,subject,id) values (?,?,?,default)
Hibernate: insert into question (content,create_date,subject,id) values (?,?,?,default)
Hibernate: insert into question (content,create_date,subject,id) values (?,?,?,default)
Hibernate: insert into question (content,create_date,subject,id) values (?,?,?,default)
Hibernate: insert into question (content,create_date,subject,id) values (?,?,?,default)
Hibernate: insert into question (content,create_date,subject,id) values (?,?,?,default)
Hibernate: insert into question (content,create_date,subject,id) values (?,?,?,default)
Hibernate: insert into question (content,create_date,subject,id) values (?,?,?,default)
Hibernate: insert into question (content,create_date,subject,id) values (?,?,?,default)
Hibernate: insert into question (content,create_date,subject,id) values (?,?,?,default)
Hibernate: insert into question (content,create_date,subject,id) values (?,?,?,default)
Hibernate: insert into question (content,create_date,subject,id) values (?,?,?,default)
Hibernate: insert into question (content,create_date,subject,id) values (?,?,?,default)
Hibernate: insert into question (content,create_date,subject,id) values (?,?,?,default)
Hibernate: insert into question (content,create_date,subject,id) values (?,?,?,default)
Hibernate: insert into question (content,create_date,subject,id) values (?,?,?,default)
Hibernate: insert into question (content,create_date,subject,id) values (?,?,?,default)
Hibernate: insert into question (content,create_date,subject,id) values (?,?,?,default)
Hibernate: insert into question (content,create_date,subject,id) values (?,?,?,default)
Hibernate: insert into question (content,create_date,subject,id) values (?,?,?,default)
Hibernate: insert into question (content,create_date,subject,id) values (?,?,?,default)
Hibernate: insert into question (content,create_date,subject,id) values (?,?,?,default)
Hibernate: insert into question (content,create_date,subject,id) values (?,?,?,default)
Hibernate: insert into question (content,create_date,subject,id) values (?,?,?,default)
Hibernate: insert into question (content,create_date,subject,id) values (?,?,?,default)
Hibernate: insert into question (content,create_date,subject,id) values (?,?,?,default)
Hibernate: insert into question (content,create_date,subject,id) values (?,?,?,default)
Hibernate: insert into question (content,create_date,subject,id) values (?,?,?,default)
Hibernate: insert into question (content,create_date,subject,id) values (?,?,?,default)
Hibernate: insert into question (content,create_date,subject,id) values (?,?,?,default)
Hibernate: insert into question (content,create_date,subject,id) values (?,?,?,default)
Hibernate: insert into question (content,create_date,subject,id) values (?,?,?,default)
Hibernate: insert into question (content,create_date,subject,id) values (?,?,?,default)
Hibernate: insert into question (content,create_date,subject,id) values (?,?,?,default)
Hibernate: insert into question (content,create_date,subject,id) values (?,?,?,default)
Hibernate: insert into question (content,create_date,subject,id) values (?,?,?,default)
Hibernate: insert into question (content,create_date,subject,id) values (?,?,?,default)
Hibernate: insert into question (content,create_date,subject,id) values (?,?,?,default)
Hibernate: insert into question (content,create_date,subject,id) values (?,?,?,default)
Hibernate: insert into question (content,create_date,subject,id) values (?,?,?,default)
Hibernate: insert into question (content,create_date,subject,id) values (?,?,?,default)
Hibernate: insert into question (content,create_date,subject,id) values (?,?,?,default)
Hibernate: insert into question (content,create_date,subject,id) values (?,?,?,default)
Hibernate: insert into question (content,create_date,subject,id) values (?,?,?,default)
Hibernate: insert into question (content,create_date,subject,id) values (?,?,?,default)
Hibernate: insert into question (content,create_date,subject,id) values (?,?,?,default)
Hibernate: insert into question (content,create_date,subject,id) values (?,?,?,default)
Hibernate: insert into question (content,create_date,subject,id) values (?,?,?,default)
Hibernate: insert into question (content,create_date,subject,id) values (?,?,?,default)
Hibernate: insert into question (content,create_date,subject,id) values (?,?,?,default)
Hibernate: insert into question (content,create_date,subject,id) values (?,?,?,default)
Hibernate: insert into question (content,create_date,subject,id) values (?,?,?,default)
Hibernate: insert into question (content,create_date,subject,id) values (?,?,?,default)
Hibernate: insert into question (content,create_date,subject,id) values (?,?,?,default)
Hibernate: insert into question (content,create_date,subject,id) values (?,?,?,default)
Hibernate: insert into question (content,create_date,subject,id) values (?,?,?,default)
Hibernate: insert into question (content,create_date,subject,id) values (?,?,?,default)
Hibernate: insert into question (content,create_date,subject,id) values (?,?,?,default)
Hibernate: insert into question (content,create_date,subject,id) values (?,?,?,default)
Hibernate: insert into question (content,create_date,subject,id) values (?,?,?,default)
Hibernate: insert into question (content,create_date,subject,id) values (?,?,?,default)
Hibernate: insert into question (content,create_date,subject,id) values (?,?,?,default)
Hibernate: insert into question (content,create_date,subject,id) values (?,?,?,default)
Hibernate: insert into question (content,create_date,subject,id) values (?,?,?,default)
Hibernate: insert into question (content,create_date,subject,id) values (?,?,?,default)
Hibernate: insert into question (content,create_date,subject,id) values (?,?,?,default)
Hibernate: insert into question (content,create_date,subject,id) values (?,?,?,default)
Hibernate: insert into question (content,create_date,subject,id) values (?,?,?,default)
Hibernate: insert into question (content,create_date,subject,id) values (?,?,?,default)
Hibernate: insert into question (content,create_date,subject,id) values (?,?,?,default)
Hibernate: insert into question (content,create_date,subject,id) values (?,?,?,default)
Hibernate: insert into question (content,create_date,subject,id) values (?,?,?,default)
Hibernate: insert into question (content,create_date,subject,id) values (?,?,?,default)
Hibernate: insert into question (content,create_date,subject,id) values (?,?,?,default)
Hibernate: insert into question (content,create_date,subject,id) values (?,?,?,default)
Hibernate: insert into question (content,create_date,subject,id) values (?,?,?,default)
Hibernate: insert into question (content,create_date,subject,id) values (?,?,?,default)
Hibernate: insert into question (content,create_date,subject,id) values (?,?,?,default)
Hibernate: insert into question (content,create_date,subject,id) values (?,?,?,default)
Hibernate: insert into question (content,create_date,subject,id) values (?,?,?,default)
Hibernate: insert into question (content,create_date,subject,id) values (?,?,?,default)
Hibernate: insert into question (content,create_date,subject,id) values (?,?,?,default)
Hibernate: insert into question (content,create_date,subject,id) values (?,?,?,default)
Hibernate: insert into question (content,create_date,subject,id) values (?,?,?,default)
Hibernate: insert into question (content,create_date,subject,id) values (?,?,?,default)
Hibernate: insert into question (content,create_date,subject,id) values (?,?,?,default)
Hibernate: insert into question (content,create_date,subject,id) values (?,?,?,default)
Hibernate: insert into question (content,create_date,subject,id) values (?,?,?,default)
Hibernate: insert into question (content,create_date,subject,id) values (?,?,?,default)
Hibernate: insert into question (content,create_date,subject,id) values (?,?,?,default)
Hibernate: insert into question (content,create_date,subject,id) values (?,?,?,default)
Hibernate: insert into question (content,create_date,subject,id) values (?,?,?,default)
Hibernate: insert into question (content,create_date,subject,id) values (?,?,?,default)
Hibernate: insert into question (content,create_date,subject,id) values (?,?,?,default)
Hibernate: insert into question (content,create_date,subject,id) values (?,?,?,default)
Hibernate: insert into question (content,create_date,subject,id) values (?,?,?,default)
Hibernate: insert into question (content,create_date,subject,id) values (?,?,?,default)
Hibernate: insert into question (content,create_date,subject,id) values (?,?,?,default)
Hibernate: insert into question (content,create_date,subject,id) values (?,?,?,default)
Hibernate: insert into question (content,create_date,subject,id) values (?,?,?,default)
Hibernate: insert into question (content,create_date,subject,id) values (?,?,?,default)
Hibernate: insert into question (content,create_date,subject,id) values (?,?,?,default)
Hibernate: insert into question (content,create_date,subject,id) values (?,?,?,default)
]]></system-out>
  <system-err><![CDATA[WARNING: A Java agent has been loaded dynamically (C:\Users\njwwn\.gradle\caches\modules-2\files-2.1\net.bytebuddy\byte-buddy-agent\1.14.10\90ed94ac044ea8953b224304c762316e91fd6b31\byte-buddy-agent-1.14.10.jar)
WARNING: If a serviceability tool is in use, please run with -XX:+EnableDynamicAgentLoading to hide this warning
WARNING: If a serviceability tool is not in use, please run with -Djdk.instrument.traceUsage for more information
WARNING: Dynamic loading of agents will be disallowed by default in a future release
]]></system-err>
</testsuite>
